<?xml version="1.0" encoding="UTF-8"?>
<testng-results ignored="0" total="1" passed="1" failed="0" skipped="0">
  <reporter-output>
  </reporter-output>
  <suite started-at="2023-12-01T06:32:38 IST" name="Default suite" finished-at="2023-12-01T06:33:22 IST" duration-ms="44178">
    <groups>
    </groups>
    <test started-at="2023-12-01T06:32:38 IST" name="Default test" finished-at="2023-12-01T06:33:22 IST" duration-ms="44178">
      <class name="hooks.Basic">
        <test-method signature="testCase()[pri:0, instance:hooks.Basic@74751b3]" started-at="2023-12-01T06:32:38 IST" name="testCase" finished-at="2023-12-01T06:33:22 IST" duration-ms="44066" status="PASS">
          <reporter-output>
          </reporter-output>
        </test-method> <!-- testCase -->
      </class> <!-- hooks.Basic -->
    </test> <!-- Default test -->
  </suite> <!-- Default suite -->
</testng-results>
