<?xml version="1.0" encoding="UTF-8"?>
<!-- Generated by org.testng.reporters.JUnitReportReporter -->
<testsuite hostname="DESKTOP-5EVK54D" failures="0" tests="2" name="runner.CampaignsRunner" time="0.593" errors="0" timestamp="2023-10-13T20:03:22 IST" skipped="0">
  <testcase classname="runner.CampaignsRunner" name="runScenario" time="0.131"/>
  <system-out/>
  <testcase classname="runner.CampaignsRunner" name="runScenario" time="0.462"/>
  <system-out/>
</testsuite> <!-- runner.CampaignsRunner -->
