<?xml version="1.0" encoding="UTF-8"?>
<!-- Generated by org.testng.reporters.JUnitReportReporter -->
<testsuite hostname="DESKTOP-5EVK54D" failures="0" tests="3" name="runner.ProfileRunner" time="0.470" errors="1" timestamp="2023-10-05T20:42:49 IST" skipped="0">
  <testcase classname="runner.ProfileRunner" name="runScenario" time="0.054"/>
  <system-out/>
  <testcase classname="runner.ProfileRunner" name="runScenario" time="0.088"/>
  <system-out/>
  <testcase classname="runner.ProfileRunner" name="runScenario" time="0.328">
    <error type="java.lang.NullPointerException">
      <![CDATA[java.lang.NullPointerException
at steps.ProfileSteps.user_click_on_add_profile_button(ProfileSteps.java:22)
at ✽.user click on add profile button(file:///F:/Desktop/VimanNagar/May%2021/30SeptBDDCucumberBasics/src/test/resources/applicationfeature/Profile.feature:7)
]]>
    </error>
  </testcase> <!-- runScenario -->
  <system-out/>
</testsuite> <!-- runner.ProfileRunner -->
